<?xml version="1.0" encoding="UTF-8"?>
<!-- Generated by org.testng.reporters.JUnitReportReporter -->
<testsuite skipped="0" hostname="RaviPrasanth" name="week2.day2.homework.CreateLead" tests="1" failures="0" timestamp="22 Jul 2018 04:40:33 GMT" time="34.199" errors="0">
  <testcase name="createLead" time="34.199" classname="week2.day2.homework.CreateLead"/>
</testsuite> <!-- week2.day2.homework.CreateLead -->
