<?xml version="1.0" encoding="UTF-8"?>
<!-- Generated by org.testng.reporters.JUnitReportReporter -->
<testsuite skipped="0" hostname="RaviPrasanth" name="pageobjectmodel.TestCase02_CreateLead" tests="1" failures="0" timestamp="11 Aug 2018 11:12:20 GMT" time="33.396" errors="0">
  <testcase name="createLeadTest" time="33.396" classname="pageobjectmodel.TestCase02_CreateLead"/>
</testsuite> <!-- pageobjectmodel.TestCase02_CreateLead -->
