<?xml version="1.0" encoding="UTF-8"?>
<!-- Generated by org.testng.reporters.JUnitReportReporter -->
<testsuite skipped="0" hostname="RaviPrasanth" name="week6.day2.cw.pages.TestCase02_CreateLead" tests="1" failures="0" timestamp="29 Jul 2018 07:08:34 GMT" time="32.352" errors="0">
  <testcase name="createLeadTest" time="32.352" classname="week6.day2.cw.pages.TestCase02_CreateLead"/>
</testsuite> <!-- week6.day2.cw.pages.TestCase02_CreateLead -->
