<?xml version="1.0" encoding="UTF-8"?>
<!-- Generated by org.testng.reporters.JUnitReportReporter -->
<testsuite skipped="0" hostname="RaviPrasanth" name="week6.day1.cw.CreateLeadWithDataProviderApache" tests="2" failures="0" timestamp="28 Jul 2018 05:32:31 GMT" time="78.519" errors="0">
  <testcase name="createLead" time="37.578" classname="week6.day1.cw.CreateLeadWithDataProviderApache"/>
  <testcase name="createLead" time="40.941" classname="week6.day1.cw.CreateLeadWithDataProviderApache"/>
</testsuite> <!-- week6.day1.cw.CreateLeadWithDataProviderApache -->
