<?xml version="1.0" encoding="UTF-8"?>
<!-- Generated by org.testng.reporters.JUnitReportReporter -->
<testsuite skipped="0" hostname="RaviPrasanth" name="week3.day2.cw.CreateLeadUsingJunit" tests="2" failures="0" timestamp="29 Jul 2018 04:48:24 GMT" time="68.651" errors="0">
  <testcase name="createLeadTest" time="28.897" classname="week3.day2.cw.CreateLeadUsingJunit"/>
  <testcase name="createLeadTest" time="39.754" classname="week3.day2.cw.CreateLeadUsingJunit"/>
</testsuite> <!-- week3.day2.cw.CreateLeadUsingJunit -->
