<?xml version="1.0" encoding="UTF-8"?>
<!-- Generated by org.testng.reporters.JUnitReportReporter -->
<testsuite skipped="0" hostname="RaviPrasanth" name="pageobjectmodel.TestCase_CreateLead" tests="2" failures="0" timestamp="11 Aug 2018 11:15:12 GMT" time="65.159" errors="0">
  <testcase name="createLeadTest" time="34.263" classname="pageobjectmodel.TestCase_CreateLead"/>
  <testcase name="createLeadTest" time="30.896" classname="pageobjectmodel.TestCase_CreateLead"/>
</testsuite> <!-- pageobjectmodel.TestCase_CreateLead -->
