<?xml version="1.0" encoding="UTF-8"?>
<!-- Generated by org.testng.reporters.JUnitReportReporter -->
<testsuite skipped="0" hostname="RaviPrasanth" name="week6.day2.cw.pages.TestCase_CreateLead" tests="2" failures="0" timestamp="29 Jul 2018 05:35:02 GMT" time="65.823" errors="0">
  <testcase name="createLeadTest" time="33.398" classname="week6.day2.cw.pages.TestCase_CreateLead"/>
  <testcase name="createLeadTest" time="32.425" classname="week6.day2.cw.pages.TestCase_CreateLead"/>
</testsuite> <!-- week6.day2.cw.pages.TestCase_CreateLead -->
