<?xml version="1.0" encoding="UTF-8"?>
<!-- Generated by org.testng.reporters.JUnitReportReporter -->
<testsuite skipped="0" hostname="RaviPrasanth" name="listeners.testng.CreateLead" tests="1" failures="0" timestamp="22 Jul 2018 06:10:41 GMT" time="16.838" errors="0">
  <testcase name="createLead" time="16.838" classname="listeners.testng.CreateLead"/>
</testsuite> <!-- listeners.testng.CreateLead -->
