<?xml version="1.0" encoding="UTF-8"?>
<!-- Generated by org.testng.reporters.JUnitReportReporter -->
<testsuite skipped="0" hostname="RaviPrasanth" name="week3.day2.hw.MergeLeadJunit" tests="1" failures="0" timestamp="22 Jul 2018 02:35:06 GMT" time="48.677" errors="0">
  <testcase name="mergeLead" time="48.677" classname="week3.day2.hw.MergeLeadJunit"/>
</testsuite> <!-- week3.day2.hw.MergeLeadJunit -->
