<?xml version="1.0" encoding="UTF-8"?>
<!-- Generated by org.testng.reporters.JUnitReportReporter -->
<testsuite skipped="0" hostname="RaviPrasanth" name="week6.day1.cw.CreateLeadWithReports" tests="2" failures="0" timestamp="28 Jul 2018 07:27:23 GMT" time="66.510" errors="0">
  <testcase name="createLead" time="35.173" classname="week6.day1.cw.CreateLeadWithReports"/>
  <testcase name="createLead" time="31.337" classname="week6.day1.cw.CreateLeadWithReports"/>
</testsuite> <!-- week6.day1.cw.CreateLeadWithReports -->
